# JRE version: Java(TM) SE Runtime Environment (17.0.2+8) (build 17.0.2+8-LTS-86)
# Java VM: Java HotSpot(TM) 64-Bit Server VM (17.0.2+8-LTS-86, mixed mode, sharing, tiered, compressed oops, compressed class ptrs, g1 gc, windows-amd64)
GC Precious Log:
 CPUs: 12 total, 12 available
 Memory: 32669M
 Large Page Support: Disabled
 NUMA Support: Disabled
 Compressed Oops: Enabled (Zero based)
 Heap Region Size: 4M
 Heap Min Capacity: 8M
 Heap Initial Capacity: 512M
 Heap Max Capacity: 8168M
 Pre-touch: Disabled
 Parallel Workers: 10
 Concurrent Workers: 3
 Concurrent Refinement Workers: 10
 Periodic GC: Disabled
Heap:
 garbage-first heap   total 69632K, used 43738K [0x0000000601800000, 0x0000000800000000)
  region size 4096K, 4 young (16384K), 1 survivors (4096K)
 Metaspace       used 32116K, committed 32576K, reserved 1081344K
  class space    used 4167K, committed 4352K, reserved 1048576K
GC Heap History (20 events):
Event: 79.072 GC heap before
{Heap before GC invocations=6 (full 0):
 garbage-first heap   total 69632K, used 39448K [0x0000000601800000, 0x0000000800000000)
  region size 4096K, 8 young (32768K), 1 survivors (4096K)
 Metaspace       used 27364K, committed 27712K, reserved 1073152K
  class space    used 3813K, committed 3968K, reserved 1048576K
}
Event: 79.074 GC heap after
{Heap after GC invocations=7 (full 0):
 garbage-first heap   total 69632K, used 15506K [0x0000000601800000, 0x0000000800000000)
  region size 4096K, 1 young (4096K), 1 survivors (4096K)
 Metaspace       used 27364K, committed 27712K, reserved 1073152K
  class space    used 3813K, committed 3968K, reserved 1048576K
}
Event: 79.953 GC heap before
{Heap before GC invocations=7 (full 0):
 garbage-first heap   total 69632K, used 52370K [0x0000000601800000, 0x0000000800000000)
  region size 4096K, 8 young (32768K), 1 survivors (4096K)
 Metaspace       used 28088K, committed 28480K, reserved 1081344K
  class space    used 3849K, committed 4032K, reserved 1048576K
}
Event: 79.955 GC heap after
{Heap after GC invocations=8 (full 0):
 garbage-first heap   total 69632K, used 21138K [0x0000000601800000, 0x0000000800000000)
  region size 4096K, 1 young (4096K), 1 survivors (4096K)
 Metaspace       used 28088K, committed 28480K, reserved 1081344K
  class space    used 3849K, committed 4032K, reserved 1048576K
}
Event: 80.354 GC heap before
{Heap before GC invocations=8 (full 0):
 garbage-first heap   total 69632K, used 49810K [0x0000000601800000, 0x0000000800000000)
  region size 4096K, 8 young (32768K), 1 survivors (4096K)
 Metaspace       used 28406K, committed 28736K, reserved 1081344K
  class space    used 3862K, committed 4032K, reserved 1048576K
}
Event: 80.357 GC heap after
{Heap after GC invocations=9 (full 0):
 garbage-first heap   total 69632K, used 22693K [0x0000000601800000, 0x0000000800000000)
  region size 4096K, 1 young (4096K), 1 survivors (4096K)
 Metaspace       used 28406K, committed 28736K, reserved 1081344K
  class space    used 3862K, committed 4032K, reserved 1048576K
}
Event: 81.278 GC heap before
{Heap before GC invocations=9 (full 0):
 garbage-first heap   total 69632K, used 51365K [0x0000000601800000, 0x0000000800000000)
  region size 4096K, 8 young (32768K), 1 survivors (4096K)
 Metaspace       used 28843K, committed 29248K, reserved 1081344K
  class space    used 3867K, committed 4032K, reserved 1048576K
}
Event: 81.280 GC heap after
{Heap after GC invocations=10 (full 0):
 garbage-first heap   total 69632K, used 27768K [0x0000000601800000, 0x0000000800000000)
  region size 4096K, 1 young (4096K), 1 survivors (4096K)
 Metaspace       used 28843K, committed 29248K, reserved 1081344K
  class space    used 3867K, committed 4032K, reserved 1048576K
}
Event: 82.140 GC heap before
{Heap before GC invocations=10 (full 0):
 garbage-first heap   total 69632K, used 48248K [0x0000000601800000, 0x0000000800000000)
  region size 4096K, 6 young (24576K), 1 survivors (4096K)
 Metaspace       used 28999K, committed 29376K, reserved 1081344K
  class space    used 3867K, committed 4032K, reserved 1048576K
}
Event: 82.142 GC heap after
{Heap after GC invocations=11 (full 0):
 garbage-first heap   total 69632K, used 28726K [0x0000000601800000, 0x0000000800000000)
  region size 4096K, 1 young (4096K), 1 survivors (4096K)
 Metaspace       used 28999K, committed 29376K, reserved 1081344K
  class space    used 3867K, committed 4032K, reserved 1048576K
}
Event: 82.855 GC heap before
{Heap before GC invocations=11 (full 0):
 garbage-first heap   total 69632K, used 53302K [0x0000000601800000, 0x0000000800000000)
  region size 4096K, 6 young (24576K), 1 survivors (4096K)
 Metaspace       used 29180K, committed 29568K, reserved 1081344K
  class space    used 3872K, committed 4032K, reserved 1048576K
}
Event: 82.856 GC heap after
{Heap after GC invocations=12 (full 0):
 garbage-first heap   total 69632K, used 25104K [0x0000000601800000, 0x0000000800000000)
  region size 4096K, 1 young (4096K), 1 survivors (4096K)
 Metaspace       used 29180K, committed 29568K, reserved 1081344K
  class space    used 3872K, committed 4032K, reserved 1048576K
}
Event: 83.763 GC heap before
{Heap before GC invocations=12 (full 0):
 garbage-first heap   total 69632K, used 49680K [0x0000000601800000, 0x0000000800000000)
  region size 4096K, 7 young (28672K), 1 survivors (4096K)
 Metaspace       used 29379K, committed 29760K, reserved 1081344K
  class space    used 3882K, committed 4096K, reserved 1048576K
}
Event: 83.765 GC heap after
{Heap after GC invocations=13 (full 0):
 garbage-first heap   total 69632K, used 25969K [0x0000000601800000, 0x0000000800000000)
  region size 4096K, 1 young (4096K), 1 survivors (4096K)
 Metaspace       used 29379K, committed 29760K, reserved 1081344K
  class space    used 3882K, committed 4096K, reserved 1048576K
}
Event: 93.106 GC heap before
{Heap before GC invocations=13 (full 0):
 garbage-first heap   total 69632K, used 46449K [0x0000000601800000, 0x0000000800000000)
  region size 4096K, 7 young (28672K), 1 survivors (4096K)
 Metaspace       used 29974K, committed 30400K, reserved 1081344K
  class space    used 3940K, committed 4160K, reserved 1048576K
}
Event: 93.111 GC heap after
{Heap after GC invocations=14 (full 0):
 garbage-first heap   total 69632K, used 27543K [0x0000000601800000, 0x0000000800000000)
  region size 4096K, 1 young (4096K), 1 survivors (4096K)
 Metaspace       used 29974K, committed 30400K, reserved 1081344K
  class space    used 3940K, committed 4160K, reserved 1048576K
}
Event: 93.695 GC heap before
{Heap before GC invocations=14 (full 0):
 garbage-first heap   total 69632K, used 52119K [0x0000000601800000, 0x0000000800000000)
  region size 4096K, 7 young (28672K), 1 survivors (4096K)
 Metaspace       used 30731K, committed 31168K, reserved 1081344K
  class space    used 4038K, committed 4288K, reserved 1048576K
}
Event: 93.697 GC heap after
{Heap after GC invocations=15 (full 0):
 garbage-first heap   total 69632K, used 29720K [0x0000000601800000, 0x0000000800000000)
  region size 4096K, 1 young (4096K), 1 survivors (4096K)
 Metaspace       used 30731K, committed 31168K, reserved 1081344K
  class space    used 4038K, committed 4288K, reserved 1048576K
}
Event: 95.586 GC heap before
{Heap before GC invocations=15 (full 0):
 garbage-first heap   total 69632K, used 50200K [0x0000000601800000, 0x0000000800000000)
  region size 4096K, 6 young (24576K), 1 survivors (4096K)
 Metaspace       used 32099K, committed 32512K, reserved 1081344K
  class space    used 4167K, committed 4352K, reserved 1048576K
}
Event: 95.588 GC heap after
{Heap after GC invocations=16 (full 0):
 garbage-first heap   total 69632K, used 35546K [0x0000000601800000, 0x0000000800000000)
  region size 4096K, 1 young (4096K), 1 survivors (4096K)
 Metaspace       used 32099K, committed 32512K, reserved 1081344K
  class space    used 4167K, committed 4352K, reserved 1048576K
}

